<?xml version="1.0" encoding="UTF-8"?>
<!-- Generated by org.testng.reporters.JUnitXMLReporter -->
<testsuite ignored="0" hostname="vishals-imac.lan" failures="0" tests="2" name="chromeTest" time="43.346" errors="0" timestamp="21 Apr 2020 17:40:13 GMT">
  <testcase classname="com.nopcommerce.testCases.TC_AddCustomerTest_003" name="addNewCustomer" time="34.28"/>
  <testcase classname="com.nopcommerce.testCases.TC_AddCustomerTest_003" name="deleteCustomer" time="7.141"/>
</testsuite> <!-- chromeTest -->
