<?xml version="1.0" encoding="UTF-8"?>
<testng-results skipped="0" failed="0" ignored="0" total="2" passed="2">
  <reporter-output>
  </reporter-output>
  <suite name="nopCommerce" duration-ms="26154" started-at="2020-04-22T02:19:51Z" finished-at="2020-04-22T02:20:17Z">
    <groups>
    </groups>
    <test name="chromeTest" duration-ms="26154" started-at="2020-04-22T02:19:51Z" finished-at="2020-04-22T02:20:17Z">
      <class name="com.nopcommerce.testCases.TC_LoginTest_001">
        <test-method status="PASS" signature="setup(java.lang.String)[pri:0, instance:com.nopcommerce.testCases.TC_LoginTest_001@291ae]" name="setup" is-config="true" duration-ms="1702" started-at="2020-04-22T02:19:51Z" finished-at="2020-04-22T02:19:53Z">
          <params>
            <param index="0">
              <value>
                <![CDATA[chrome]]>
              </value>
            </param>
          </params>
          <reporter-output>
          </reporter-output>
        </test-method> <!-- setup -->
        <test-method status="PASS" signature="loginTest()[pri:0, instance:com.nopcommerce.testCases.TC_LoginTest_001@291ae]" name="loginTest" duration-ms="8724" started-at="2020-04-22T02:19:53Z" finished-at="2020-04-22T02:20:01Z">
          <reporter-output>
          </reporter-output>
        </test-method> <!-- loginTest -->
        <test-method status="PASS" signature="tearDown()[pri:0, instance:com.nopcommerce.testCases.TC_LoginTest_001@291ae]" name="tearDown" is-config="true" duration-ms="142" started-at="2020-04-22T02:20:01Z" finished-at="2020-04-22T02:20:02Z">
          <reporter-output>
          </reporter-output>
        </test-method> <!-- tearDown -->
      </class> <!-- com.nopcommerce.testCases.TC_LoginTest_001 -->
      <class name="com.nopcommerce.testCases.TC_SearchCustomerByName_005">
        <test-method status="PASS" signature="setup(java.lang.String)[pri:0, instance:com.nopcommerce.testCases.TC_SearchCustomerByName_005@61df66b6]" name="setup" is-config="true" duration-ms="769" started-at="2020-04-22T02:20:02Z" finished-at="2020-04-22T02:20:02Z">
          <params>
            <param index="0">
              <value>
                <![CDATA[chrome]]>
              </value>
            </param>
          </params>
          <reporter-output>
          </reporter-output>
        </test-method> <!-- setup -->
        <test-method status="PASS" signature="searchCustomerbyEmail()[pri:0, instance:com.nopcommerce.testCases.TC_SearchCustomerByName_005@61df66b6]" name="searchCustomerbyEmail" duration-ms="14554" started-at="2020-04-22T02:20:02Z" finished-at="2020-04-22T02:20:17Z">
          <reporter-output>
          </reporter-output>
        </test-method> <!-- searchCustomerbyEmail -->
        <test-method status="PASS" signature="tearDown()[pri:0, instance:com.nopcommerce.testCases.TC_SearchCustomerByName_005@61df66b6]" name="tearDown" is-config="true" duration-ms="170" started-at="2020-04-22T02:20:17Z" finished-at="2020-04-22T02:20:17Z">
          <reporter-output>
          </reporter-output>
        </test-method> <!-- tearDown -->
      </class> <!-- com.nopcommerce.testCases.TC_SearchCustomerByName_005 -->
    </test> <!-- chromeTest -->
  </suite> <!-- nopCommerce -->
</testng-results>
