<?xml version="1.0" encoding="UTF-8"?>
<testsuite xmlns:xsi="http://www.w3.org/2001/XMLSchema-instance" xsi:noNamespaceSchemaLocation="https://maven.apache.org/surefire/maven-surefire-plugin/xsd/surefire-test-report-3.0.xsd" version="3.0" name="TestSuite" time="26.868" tests="2" errors="0" skipped="0" failures="0">
  <properties>
[...]
</properties>
  <testcase name="loginTest" classname="com.nopcommerce.testCases.TC_LoginTest_001" time="8.731"/>
  <testcase name="searchCustomerbyEmail" classname="com.nopcommerce.testCases.TC_SearchCustomerByName_005" time="14.554"/>
</testsuite>