<?xml version="1.0" encoding="UTF-8"?>
<!-- Generated by org.testng.reporters.JUnitXMLReporter -->
<testsuite hostname="vishals-imac.lan" ignored="0" name="chromeTest" tests="2" failures="0" timestamp="22 Apr 2020 02:20:17 GMT" time="26.154" errors="0">
  <testcase name="loginTest" time="8.724" classname="com.nopcommerce.testCases.TC_LoginTest_001"/>
  <testcase name="searchCustomerbyEmail" time="14.554" classname="com.nopcommerce.testCases.TC_SearchCustomerByName_005"/>
</testsuite> <!-- chromeTest -->
