<?xml version="1.0" encoding="UTF-8"?>
<testng-results skipped="0" failed="0" ignored="0" total="1" passed="1">
  <reporter-output>
  </reporter-output>
  <suite name="nopCommerce" duration-ms="51108" started-at="2020-04-25T05:06:40Z" finished-at="2020-04-25T05:07:31Z">
    <groups>
    </groups>
    <test name="chromeTest" duration-ms="51108" started-at="2020-04-25T05:06:40Z" finished-at="2020-04-25T05:07:31Z">
      <class name="com.nopcommerce.testCases.TC_ExportCustomers_007">
        <test-method status="PASS" signature="setup(java.lang.String)[pri:0, instance:com.nopcommerce.testCases.TC_ExportCustomers_007@305b7c14]" name="setup" is-config="true" duration-ms="10205" started-at="2020-04-25T05:06:40Z" finished-at="2020-04-25T05:06:50Z">
          <params>
            <param index="0">
              <value>
                <![CDATA[chrome]]>
              </value>
            </param>
          </params>
          <reporter-output>
          </reporter-output>
        </test-method> <!-- setup -->
        <test-method status="PASS" signature="exportCustomerTest()[pri:0, instance:com.nopcommerce.testCases.TC_ExportCustomers_007@305b7c14]" name="exportCustomerTest" duration-ms="40631" started-at="2020-04-25T05:06:50Z" finished-at="2020-04-25T05:07:31Z">
          <reporter-output>
          </reporter-output>
        </test-method> <!-- exportCustomerTest -->
        <test-method status="PASS" signature="tearDown()[pri:0, instance:com.nopcommerce.testCases.TC_ExportCustomers_007@305b7c14]" name="tearDown" is-config="true" duration-ms="154" started-at="2020-04-25T05:07:31Z" finished-at="2020-04-25T05:07:31Z">
          <reporter-output>
          </reporter-output>
        </test-method> <!-- tearDown -->
      </class> <!-- com.nopcommerce.testCases.TC_ExportCustomers_007 -->
    </test> <!-- chromeTest -->
  </suite> <!-- nopCommerce -->
</testng-results>
