<?xml version="1.0" encoding="UTF-8"?>
<testng-results ignored="0" total="2" passed="2" failed="0" skipped="0">
  <reporter-output>
  </reporter-output>
  <suite started-at="2020-04-21T17:39:30Z" name="nopCommerce" finished-at="2020-04-21T17:40:13Z" duration-ms="43346">
    <groups>
    </groups>
    <test started-at="2020-04-21T17:39:30Z" name="chromeTest" finished-at="2020-04-21T17:40:13Z" duration-ms="43346">
      <class name="com.nopcommerce.testCases.TC_AddCustomerTest_003">
        <test-method is-config="true" signature="setup(java.lang.String)[pri:0, instance:com.nopcommerce.testCases.TC_AddCustomerTest_003@1f53a5dc]" started-at="2020-04-21T17:39:30Z" name="setup" finished-at="2020-04-21T17:39:32Z" duration-ms="1682" status="PASS">
          <params>
            <param index="0">
              <value>
                <![CDATA[chrome]]>
              </value>
            </param>
          </params>
          <reporter-output>
          </reporter-output>
        </test-method> <!-- setup -->
        <test-method signature="addNewCustomer()[pri:0, instance:com.nopcommerce.testCases.TC_AddCustomerTest_003@1f53a5dc]" started-at="2020-04-21T17:39:32Z" name="addNewCustomer" finished-at="2020-04-21T17:40:06Z" duration-ms="34280" status="PASS">
          <reporter-output>
          </reporter-output>
        </test-method> <!-- addNewCustomer -->
        <test-method signature="deleteCustomer()[pri:0, instance:com.nopcommerce.testCases.TC_AddCustomerTest_003@1f53a5dc]" started-at="2020-04-21T17:40:06Z" name="deleteCustomer" finished-at="2020-04-21T17:40:13Z" duration-ms="7141" status="PASS">
          <reporter-output>
          </reporter-output>
        </test-method> <!-- deleteCustomer -->
        <test-method is-config="true" signature="tearDown()[pri:0, instance:com.nopcommerce.testCases.TC_AddCustomerTest_003@1f53a5dc]" started-at="2020-04-21T17:40:13Z" name="tearDown" finished-at="2020-04-21T17:40:13Z" duration-ms="144" status="PASS">
          <reporter-output>
          </reporter-output>
        </test-method> <!-- tearDown -->
      </class> <!-- com.nopcommerce.testCases.TC_AddCustomerTest_003 -->
    </test> <!-- chromeTest -->
  </suite> <!-- nopCommerce -->
</testng-results>
